<?xml version="1.0" encoding="UTF-8"?>
<!-- Generated by org.testng.reporters.JUnitXMLReporter -->
<testsuite ignored="0" hostname="Kalam" failures="0" tests="3" name="Regression Tests" time="14.924" errors="0" timestamp="2026-09-14T20:59:05 IST">
  <testcase classname="practiceTestng.pTestng.AppTest" name="shouldAnswerWithTrue" time="0.083"/>
  <testcase classname="practiceTestng.pTestng.CreateEventTest" name="testCreateEventProcess" time="4.838">
    <skipped/>
  </testcase> <!-- testCreateEventProcess -->
  <testcase classname="practiceTestng.pTestng.CreateEventTest" name="testCreateEventProcess" time="4.897"/>
</testsuite> <!-- Regression Tests -->
