<?xml version="1.0" encoding="UTF-8"?>
<testng-results retried="1" ignored="0" total="3" passed="2" failed="0" skipped="0">
  <reporter-output>
  </reporter-output>
  <suite started-at="2026-09-14T20:58:49 IST" name="Automation Suite" finished-at="2026-09-14T20:59:04 IST" duration-ms="14924">
    <groups>
      <group name="UAT">
        <method signature="CreateEventTest.testCreateEventProcess()[pri:0, instance:practiceTestng.pTestng.CreateEventTest@ec1b2e4]" name="testCreateEventProcess" class="practiceTestng.pTestng.CreateEventTest"/>
      </group> <!-- UAT -->
      <group name="sanity">
        <method signature="CreateEventTest.testCreateEventProcess()[pri:0, instance:practiceTestng.pTestng.CreateEventTest@ec1b2e4]" name="testCreateEventProcess" class="practiceTestng.pTestng.CreateEventTest"/>
      </group> <!-- sanity -->
    </groups>
    <test started-at="2026-09-14T20:58:49 IST" name="Regression Tests" finished-at="2026-09-14T20:59:04 IST" duration-ms="14924">
      <class name="practiceTestng.pTestng.CreateEventTest">
        <test-method is-config="true" signature="initialize()[pri:0, instance:practiceTestng.pTestng.CreateEventTest@ec1b2e4]" started-at="2026-09-14T20:58:50 IST" name="initialize" finished-at="2026-09-14T20:58:53 IST" duration-ms="2577" status="PASS">
          <reporter-output>
          </reporter-output>
        </test-method> <!-- initialize -->
        <test-method retried="true" signature="testCreateEventProcess()[pri:0, instance:practiceTestng.pTestng.CreateEventTest@ec1b2e4]" started-at="2026-09-14T20:58:53 IST" name="testCreateEventProcess" finished-at="2026-09-14T20:58:58 IST" duration-ms="4838" status="SKIP">
          <exception class="org.openqa.selenium.ElementClickInterceptedException">
            <message>
              <![CDATA[element click intercepted: Element is not clickable at point (234, -49)
  (Session info: chrome=152.0.7977.83)
Build info: version: '4.48.0', revision: '27f5213 27f5213055e28398a5105b7892b7a3bb2012a6ef'
System info: os.name: 'Windows 11', os.arch: 'amd64', os.version: '10.0', java.version: '20.0.2'
Driver info: org.openqa.selenium.chrome.ChromeDriver
Command: [2f57735802f34ee69964994eba6d257f, clickElement {id=f.B23FFB307BE98B0637E76DC96D477FBD.d.056FE83CE1C82790AA5FA7F5F6584228.e.53}]
Capabilities {acceptInsecureCerts: false, browserName: chrome, browserVersion: 152.0.7977.83, chrome: {chromedriverVersion: 152.0.7977.82 (d04cdb24d67b..., userDataDir: C:\Users\kalam\AppData\Loca...}, fedcm:accounts: true, goog:chromeOptions: {debuggerAddress: localhost:56717}, goog:processID: 11268, networkConnectionEnabled: false, pageLoadStrategy: normal, platformName: windows, proxy: Proxy(), se:cdp: ws://localhost:56717/devtoo..., se:cdpVersion: 152.0.7977.83, setWindowRect: true, strictFileInteractability: false, timeouts: {implicit: 0, pageLoad: 300000, script: 30000}, unhandledPromptBehavior: dismiss and notify, webauthn:extension:credBlob: true, webauthn:extension:largeBlob: true, webauthn:extension:minPinLength: true, webauthn:extension:prf: true, webauthn:virtualAuthenticators: true}
Element: [[ChromeDriver: chrome on windows (2f57735802f34ee69964994eba6d257f)] -> xpath: //button[@type='submit']]
Session ID: 2f57735802f34ee69964994eba6d257f]]>
            </message>
            <full-stacktrace>
              <![CDATA[org.openqa.selenium.ElementClickInterceptedException: element click intercepted: Element is not clickable at point (234, -49)
  (Session info: chrome=152.0.7977.83)
Build info: version: '4.48.0', revision: '27f5213 27f5213055e28398a5105b7892b7a3bb2012a6ef'
System info: os.name: 'Windows 11', os.arch: 'amd64', os.version: '10.0', java.version: '20.0.2'
Driver info: org.openqa.selenium.chrome.ChromeDriver
Command: [2f57735802f34ee69964994eba6d257f, clickElement {id=f.B23FFB307BE98B0637E76DC96D477FBD.d.056FE83CE1C82790AA5FA7F5F6584228.e.53}]
Capabilities {acceptInsecureCerts: false, browserName: chrome, browserVersion: 152.0.7977.83, chrome: {chromedriverVersion: 152.0.7977.82 (d04cdb24d67b..., userDataDir: C:\Users\kalam\AppData\Loca...}, fedcm:accounts: true, goog:chromeOptions: {debuggerAddress: localhost:56717}, goog:processID: 11268, networkConnectionEnabled: false, pageLoadStrategy: normal, platformName: windows, proxy: Proxy(), se:cdp: ws://localhost:56717/devtoo..., se:cdpVersion: 152.0.7977.83, setWindowRect: true, strictFileInteractability: false, timeouts: {implicit: 0, pageLoad: 300000, script: 30000}, unhandledPromptBehavior: dismiss and notify, webauthn:extension:credBlob: true, webauthn:extension:largeBlob: true, webauthn:extension:minPinLength: true, webauthn:extension:prf: true, webauthn:virtualAuthenticators: true}
Element: [[ChromeDriver: chrome on windows (2f57735802f34ee69964994eba6d257f)] -> xpath: //button[@type='submit']]
Session ID: 2f57735802f34ee69964994eba6d257f
at org.openqa.selenium.remote.ErrorCodec.decode(ErrorCodec.java:169)
at org.openqa.selenium.remote.codec.w3c.W3CHttpResponseCodec.decode(W3CHttpResponseCodec.java:143)
at org.openqa.selenium.remote.codec.w3c.W3CHttpResponseCodec.decode(W3CHttpResponseCodec.java:50)
at org.openqa.selenium.remote.HttpCommandExecutor.execute(HttpCommandExecutor.java:196)
at org.openqa.selenium.remote.service.DriverCommandExecutor.invokeExecute(DriverCommandExecutor.java:217)
at org.openqa.selenium.remote.service.DriverCommandExecutor.execute(DriverCommandExecutor.java:175)
at org.openqa.selenium.remote.RemoteWebDriver.execute(RemoteWebDriver.java:653)
at org.openqa.selenium.remote.RemoteWebElement.execute(RemoteWebElement.java:225)
at org.openqa.selenium.remote.RemoteWebElement.click(RemoteWebElement.java:79)
at pageObjects.eventPO.creatingAEvent(eventPO.java:79)
at practiceTestng.pTestng.CreateEventTest.testCreateEventProcess(CreateEventTest.java:45)
at java.base/jdk.internal.reflect.DirectMethodHandleAccessor.invoke(DirectMethodHandleAccessor.java:104)
at java.base/java.lang.reflect.Method.invoke(Method.java:578)
at org.testng.internal.invokers.MethodInvocationHelper.invokeMethod(MethodInvocationHelper.java:139)
at org.testng.internal.invokers.TestInvoker.invokeMethod(TestInvoker.java:677)
at org.testng.internal.invokers.TestInvoker.invokeTestMethod(TestInvoker.java:221)
at org.testng.internal.invokers.MethodRunner.runInSequence(MethodRunner.java:50)
at org.testng.internal.invokers.TestInvoker$MethodInvocationAgent.invoke(TestInvoker.java:969)
at org.testng.internal.invokers.TestInvoker.invokeTestMethods(TestInvoker.java:194)
at org.testng.internal.invokers.TestMethodWorker.invokeTestMethods(TestMethodWorker.java:148)
at org.testng.internal.invokers.TestMethodWorker.run(TestMethodWorker.java:128)
at java.base/java.util.ArrayList.forEach(ArrayList.java:1511)
at org.testng.TestRunner.privateRun(TestRunner.java:829)
at org.testng.TestRunner.run(TestRunner.java:602)
at org.testng.SuiteRunner.runTest(SuiteRunner.java:437)
at org.testng.SuiteRunner.runSequentially(SuiteRunner.java:431)
at org.testng.SuiteRunner.privateRun(SuiteRunner.java:391)
at org.testng.SuiteRunner.run(SuiteRunner.java:330)
at org.testng.SuiteRunnerWorker.runSuite(SuiteRunnerWorker.java:52)
at org.testng.SuiteRunnerWorker.run(SuiteRunnerWorker.java:95)
at org.testng.TestNG.runSuitesSequentially(TestNG.java:1256)
at org.testng.TestNG.runSuitesLocally(TestNG.java:1176)
at org.testng.TestNG.runSuites(TestNG.java:1099)
at org.testng.TestNG.run(TestNG.java:1067)
at org.apache.maven.surefire.testng.TestNGExecutor.run(TestNGExecutor.java:308)
at org.apache.maven.surefire.testng.TestNGXmlTestSuite.execute(TestNGXmlTestSuite.java:71)
at org.apache.maven.surefire.testng.TestNGProvider.invoke(TestNGProvider.java:113)
at org.apache.maven.surefire.booter.ForkedBooter.runSuitesInProcess(ForkedBooter.java:385)
at org.apache.maven.surefire.booter.ForkedBooter.execute(ForkedBooter.java:162)
at org.apache.maven.surefire.booter.ForkedBooter.run(ForkedBooter.java:507)
at org.apache.maven.surefire.booter.ForkedBooter.main(ForkedBooter.java:495)
]]>
            </full-stacktrace>
          </exception> <!-- org.openqa.selenium.ElementClickInterceptedException -->
          <reporter-output>
          </reporter-output>
        </test-method> <!-- testCreateEventProcess -->
        <test-method is-config="true" signature="teardown()[pri:0, instance:practiceTestng.pTestng.CreateEventTest@ec1b2e4]" started-at="2026-09-14T20:58:58 IST" name="teardown" finished-at="2026-09-14T20:58:58 IST" duration-ms="245" status="PASS">
          <reporter-output>
          </reporter-output>
        </test-method> <!-- teardown -->
        <test-method is-config="true" signature="initialize()[pri:0, instance:practiceTestng.pTestng.CreateEventTest@ec1b2e4]" started-at="2026-09-14T20:58:58 IST" name="initialize" finished-at="2026-09-14T20:58:59 IST" duration-ms="855" status="PASS">
          <reporter-output>
          </reporter-output>
        </test-method> <!-- initialize -->
        <test-method signature="testCreateEventProcess()[pri:0, instance:practiceTestng.pTestng.CreateEventTest@ec1b2e4]" started-at="2026-09-14T20:58:59 IST" name="testCreateEventProcess" finished-at="2026-09-14T20:59:04 IST" duration-ms="4897" status="PASS">
          <reporter-output>
          </reporter-output>
        </test-method> <!-- testCreateEventProcess -->
        <test-method is-config="true" signature="teardown()[pri:0, instance:practiceTestng.pTestng.CreateEventTest@ec1b2e4]" started-at="2026-09-14T20:59:04 IST" name="teardown" finished-at="2026-09-14T20:59:04 IST" duration-ms="339" status="PASS">
          <reporter-output>
          </reporter-output>
        </test-method> <!-- teardown -->
      </class> <!-- practiceTestng.pTestng.CreateEventTest -->
      <class name="practiceTestng.pTestng.AppTest">
        <test-method signature="shouldAnswerWithTrue()[pri:0, instance:practiceTestng.pTestng.AppTest@f72203]" started-at="2026-09-14T20:58:50 IST" name="shouldAnswerWithTrue" finished-at="2026-09-14T20:58:50 IST" duration-ms="83" status="PASS">
          <reporter-output>
          </reporter-output>
        </test-method> <!-- shouldAnswerWithTrue -->
      </class> <!-- practiceTestng.pTestng.AppTest -->
    </test> <!-- Regression Tests -->
  </suite> <!-- Automation Suite -->
</testng-results>
