<?xml version="1.0" encoding="UTF-8"?>
<testng-results ignored="0" total="2" passed="2" failed="0" skipped="0">
  <reporter-output>
  </reporter-output>
  <suite started-at="2026-09-15T09:16:33 IST" name="Automation Suite" finished-at="2026-09-15T09:16:41 IST" duration-ms="8668">
    <groups>
      <group name="UAT">
        <method signature="CreateEventTest.testCreateEventProcess()[pri:0, instance:practiceTestng.pTestng.CreateEventTest@67e28be3]" name="testCreateEventProcess" class="practiceTestng.pTestng.CreateEventTest"/>
      </group> <!-- UAT -->
      <group name="sanity">
        <method signature="CreateEventTest.testCreateEventProcess()[pri:0, instance:practiceTestng.pTestng.CreateEventTest@67e28be3]" name="testCreateEventProcess" class="practiceTestng.pTestng.CreateEventTest"/>
      </group> <!-- sanity -->
    </groups>
    <test started-at="2026-09-15T09:16:33 IST" name="Regression Tests" finished-at="2026-09-15T09:16:41 IST" duration-ms="8668">
      <class name="practiceTestng.pTestng.CreateEventTest">
        <test-method is-config="true" signature="initialize()[pri:0, instance:practiceTestng.pTestng.CreateEventTest@67e28be3]" started-at="2026-09-15T09:16:33 IST" name="initialize" finished-at="2026-09-15T09:16:37 IST" duration-ms="3459" status="PASS">
          <reporter-output>
          </reporter-output>
        </test-method> <!-- initialize -->
        <test-method signature="testCreateEventProcess()[pri:0, instance:practiceTestng.pTestng.CreateEventTest@67e28be3]" started-at="2026-09-15T09:16:37 IST" name="testCreateEventProcess" finished-at="2026-09-15T09:16:41 IST" duration-ms="4240" status="PASS">
          <reporter-output>
          </reporter-output>
        </test-method> <!-- testCreateEventProcess -->
        <test-method is-config="true" signature="teardown()[pri:0, instance:practiceTestng.pTestng.CreateEventTest@67e28be3]" started-at="2026-09-15T09:16:41 IST" name="teardown" finished-at="2026-09-15T09:16:41 IST" duration-ms="221" status="PASS">
          <reporter-output>
          </reporter-output>
        </test-method> <!-- teardown -->
      </class> <!-- practiceTestng.pTestng.CreateEventTest -->
      <class name="practiceTestng.pTestng.AppTest">
        <test-method signature="shouldAnswerWithTrue()[pri:0, instance:practiceTestng.pTestng.AppTest@540dbda9]" started-at="2026-09-15T09:16:33 IST" name="shouldAnswerWithTrue" finished-at="2026-09-15T09:16:33 IST" duration-ms="92" status="PASS">
          <reporter-output>
          </reporter-output>
        </test-method> <!-- shouldAnswerWithTrue -->
      </class> <!-- practiceTestng.pTestng.AppTest -->
    </test> <!-- Regression Tests -->
  </suite> <!-- Automation Suite -->
</testng-results>
