<?xml version="1.0" encoding="UTF-8"?>
<testng-results ignored="0" total="1" passed="1" failed="0" skipped="0">
  <reporter-output>
  </reporter-output>
  <suite started-at="2026-09-14T20:19:42 IST" name="Automation Suite" finished-at="2026-09-14T20:19:48 IST" duration-ms="5922">
    <groups>
      <group name="UAT">
        <method signature="testCreateEvent.testCreateEventProcess()[pri:0, instance:practiceTestng.pTestng.testCreateEvent@70e9c95d]" name="testCreateEventProcess" class="practiceTestng.pTestng.testCreateEvent"/>
      </group> <!-- UAT -->
      <group name="sanity">
        <method signature="testCreateEvent.testCreateEventProcess()[pri:0, instance:practiceTestng.pTestng.testCreateEvent@70e9c95d]" name="testCreateEventProcess" class="practiceTestng.pTestng.testCreateEvent"/>
      </group> <!-- sanity -->
    </groups>
    <test started-at="2026-09-14T20:19:42 IST" name="Regression Tests" finished-at="2026-09-14T20:19:48 IST" duration-ms="5922">
      <class name="practiceTestng.pTestng.testCreateEvent">
        <test-method is-config="true" signature="initialize()[pri:0, instance:practiceTestng.pTestng.testCreateEvent@70e9c95d]" started-at="2026-09-14T20:19:42 IST" name="initialize" finished-at="2026-09-14T20:19:43 IST" duration-ms="1179" status="PASS">
          <reporter-output>
          </reporter-output>
        </test-method> <!-- initialize -->
        <test-method signature="testCreateEventProcess()[pri:0, instance:practiceTestng.pTestng.testCreateEvent@70e9c95d]" started-at="2026-09-14T20:19:43 IST" name="testCreateEventProcess" finished-at="2026-09-14T20:19:48 IST" duration-ms="4282" status="PASS">
          <reporter-output>
          </reporter-output>
        </test-method> <!-- testCreateEventProcess -->
        <test-method is-config="true" signature="teardown()[pri:0, instance:practiceTestng.pTestng.testCreateEvent@70e9c95d]" started-at="2026-09-14T20:19:48 IST" name="teardown" finished-at="2026-09-14T20:19:48 IST" duration-ms="237" status="PASS">
          <reporter-output>
          </reporter-output>
        </test-method> <!-- teardown -->
      </class> <!-- practiceTestng.pTestng.testCreateEvent -->
    </test> <!-- Regression Tests -->
  </suite> <!-- Automation Suite -->
</testng-results>
