<?xml version="1.0" encoding="UTF-8"?>
<!-- Generated by org.testng.reporters.JUnitReportReporter -->
<testsuite hostname="Kalam" failures="0" tests="2" name="practiceTestng.pTestng.CreateEventTest" time="13.751" errors="0" timestamp="2026-09-14T20:59:05 IST" skipped="1">
  <testcase classname="practiceTestng.pTestng.CreateEventTest" name="testCreateEventProcess" time="7.719"/>
  <system-out/>
  <testcase classname="practiceTestng.pTestng.CreateEventTest" name="testCreateEventProcess" time="6.032">
    <skipped/>
  </testcase> <!-- testCreateEventProcess -->
  <system-out/>
</testsuite> <!-- practiceTestng.pTestng.CreateEventTest -->
